# JRE version: Java(TM) SE Runtime Environment 18.9 (11.0.12+8) (build 11.0.12+8-LTS-237)
# Java VM: Java HotSpot(TM) 64-Bit Server VM 18.9 (11.0.12+8-LTS-237, mixed mode, tiered, compressed oops, g1 gc, windows-amd64)
Heap:
 garbage-first heap   total 262144K, used 204942K [0x00000000e0000000, 0x0000000100000000)
  region size 1024K, 48 young (49152K), 2 survivors (2048K)
 Metaspace       used 95621K, capacity 99331K, committed 99712K, reserved 342016K
  class space    used 11937K, capacity 13355K, committed 13440K, reserved 253952K
GC Heap History (10 events):
Event: 1886.745 GC heap before
{Heap before GC invocations=49 (full 0):
 garbage-first heap   total 262144K, used 217768K [0x00000000e0000000, 0x0000000100000000)
  region size 1024K, 74 young (75776K), 6 survivors (6144K)
 Metaspace       used 95485K, capacity 99235K, committed 99712K, reserved 342016K
  class space    used 11919K, capacity 13323K, committed 13440K, reserved 253952K
}
Event: 1886.767 GC heap after
{Heap after GC invocations=50 (full 0):
 garbage-first heap   total 262144K, used 152416K [0x00000000e0000000, 0x0000000100000000)
  region size 1024K, 10 young (10240K), 10 survivors (10240K)
 Metaspace       used 95485K, capacity 99235K, committed 99712K, reserved 342016K
  class space    used 11919K, capacity 13323K, committed 13440K, reserved 253952K
}
Event: 1894.019 GC heap before
{Heap before GC invocations=50 (full 0):
 garbage-first heap   total 262144K, used 218976K [0x00000000e0000000, 0x0000000100000000)
  region size 1024K, 75 young (76800K), 10 survivors (10240K)
 Metaspace       used 95485K, capacity 99235K, committed 99712K, reserved 342016K
  class space    used 11919K, capacity 13323K, committed 13440K, reserved 253952K
}
Event: 1894.059 GC heap after
{Heap after GC invocations=51 (full 0):
 garbage-first heap   total 262144K, used 156594K [0x00000000e0000000, 0x0000000100000000)
  region size 1024K, 7 young (7168K), 7 survivors (7168K)
 Metaspace       used 95485K, capacity 99235K, committed 99712K, reserved 342016K
  class space    used 11919K, capacity 13323K, committed 13440K, reserved 253952K
}
Event: 1898.723 GC heap before
{Heap before GC invocations=51 (full 0):
 garbage-first heap   total 262144K, used 219058K [0x00000000e0000000, 0x0000000100000000)
  region size 1024K, 68 young (69632K), 7 survivors (7168K)
 Metaspace       used 95487K, capacity 99235K, committed 99712K, reserved 342016K
  class space    used 11919K, capacity 13323K, committed 13440K, reserved 253952K
}
Event: 1898.757 GC heap after
{Heap after GC invocations=52 (full 0):
 garbage-first heap   total 262144K, used 159554K [0x00000000e0000000, 0x0000000100000000)
  region size 1024K, 6 young (6144K), 6 survivors (6144K)
 Metaspace       used 95487K, capacity 99235K, committed 99712K, reserved 342016K
  class space    used 11919K, capacity 13323K, committed 13440K, reserved 253952K
}
Event: 1904.258 GC heap before
{Heap before GC invocations=53 (full 0):
 garbage-first heap   total 262144K, used 219970K [0x00000000e0000000, 0x0000000100000000)
  region size 1024K, 65 young (66560K), 6 survivors (6144K)
 Metaspace       used 95487K, capacity 99235K, committed 99712K, reserved 342016K
  class space    used 11919K, capacity 13323K, committed 13440K, reserved 253952K
}
Event: 1904.289 GC heap after
{Heap after GC invocations=54 (full 0):
 garbage-first heap   total 262144K, used 163808K [0x00000000e0000000, 0x0000000100000000)
  region size 1024K, 7 young (7168K), 7 survivors (7168K)
 Metaspace       used 95487K, capacity 99235K, committed 99712K, reserved 342016K
  class space    used 11919K, capacity 13323K, committed 13440K, reserved 253952K
}
Event: 1904.687 GC heap before
{Heap before GC invocations=54 (full 0):
 garbage-first heap   total 262144K, used 168928K [0x00000000e0000000, 0x0000000100000000)
  region size 1024K, 12 young (12288K), 7 survivors (7168K)
 Metaspace       used 95487K, capacity 99235K, committed 99712K, reserved 342016K
  class space    used 11919K, capacity 13323K, committed 13440K, reserved 253952K
}
Event: 1904.735 GC heap after
{Heap after GC invocations=55 (full 0):
 garbage-first heap   total 262144K, used 155790K [0x00000000e0000000, 0x0000000100000000)
  region size 1024K, 2 young (2048K), 2 survivors (2048K)
 Metaspace       used 95487K, capacity 99235K, committed 99712K, reserved 342016K
  class space    used 11919K, capacity 13323K, committed 13440K, reserved 253952K
}

