# JRE version: Java(TM) SE Runtime Environment 18.9 (11.0.12+8) (build 11.0.12+8-LTS-237)
# Java VM: Java HotSpot(TM) 64-Bit Server VM 18.9 (11.0.12+8-LTS-237, mixed mode, tiered, compressed oops, g1 gc, windows-amd64)
Heap:
 garbage-first heap   total 262144K, used 164307K [0x00000000e0000000, 0x0000000100000000)
  region size 1024K, 54 young (55296K), 1 survivors (1024K)
 Metaspace       used 93478K, capacity 97073K, committed 97792K, reserved 339968K
  class space    used 11678K, capacity 13029K, committed 13312K, reserved 253952K
GC Heap History (10 events):
Event: 1490.401 GC heap before
{Heap before GC invocations=20 (full 0):
 garbage-first heap   total 262144K, used 213743K [0x00000000e0000000, 0x0000000100000000)
  region size 1024K, 100 young (102400K), 11 survivors (11264K)
 Metaspace       used 93502K, capacity 97320K, committed 97536K, reserved 339968K
  class space    used 11772K, capacity 13204K, committed 13312K, reserved 253952K
}
Event: 1490.465 GC heap after
{Heap after GC invocations=21 (full 0):
 garbage-first heap   total 262144K, used 139456K [0x00000000e0000000, 0x0000000100000000)
  region size 1024K, 13 young (13312K), 13 survivors (13312K)
 Metaspace       used 93502K, capacity 97320K, committed 97536K, reserved 339968K
  class space    used 11772K, capacity 13204K, committed 13312K, reserved 253952K
}
Event: 1492.109 GC heap before
{Heap before GC invocations=21 (full 0):
 garbage-first heap   total 262144K, used 211136K [0x00000000e0000000, 0x0000000100000000)
  region size 1024K, 84 young (86016K), 13 survivors (13312K)
 Metaspace       used 93721K, capacity 97447K, committed 97792K, reserved 339968K
  class space    used 11777K, capacity 13214K, committed 13312K, reserved 253952K
}
Event: 1492.166 GC heap after
{Heap after GC invocations=22 (full 0):
 garbage-first heap   total 262144K, used 145920K [0x00000000e0000000, 0x0000000100000000)
  region size 1024K, 6 young (6144K), 6 survivors (6144K)
 Metaspace       used 93721K, capacity 97447K, committed 97792K, reserved 339968K
  class space    used 11777K, capacity 13214K, committed 13312K, reserved 253952K
}
Event: 1494.259 GC heap before
{Heap before GC invocations=23 (full 0):
 garbage-first heap   total 262144K, used 214528K [0x00000000e0000000, 0x0000000100000000)
  region size 1024K, 74 young (75776K), 6 survivors (6144K)
 Metaspace       used 93450K, capacity 97069K, committed 97792K, reserved 339968K
  class space    used 11678K, capacity 13028K, committed 13312K, reserved 253952K
}
Event: 1494.285 GC heap after
{Heap after GC invocations=24 (full 0):
 garbage-first heap   total 262144K, used 148083K [0x00000000e0000000, 0x0000000100000000)
  region size 1024K, 8 young (8192K), 8 survivors (8192K)
 Metaspace       used 93450K, capacity 97069K, committed 97792K, reserved 339968K
  class space    used 11678K, capacity 13028K, committed 13312K, reserved 253952K
}
Event: 1494.341 GC heap before
{Heap before GC invocations=24 (full 0):
 garbage-first heap   total 262144K, used 151155K [0x00000000e0000000, 0x0000000100000000)
  region size 1024K, 12 young (12288K), 8 survivors (8192K)
 Metaspace       used 93450K, capacity 97069K, committed 97792K, reserved 339968K
  class space    used 11678K, capacity 13028K, committed 13312K, reserved 253952K
}
Event: 1494.394 GC heap after
{Heap after GC invocations=25 (full 0):
 garbage-first heap   total 262144K, used 126926K [0x00000000e0000000, 0x0000000100000000)
  region size 1024K, 2 young (2048K), 2 survivors (2048K)
 Metaspace       used 93450K, capacity 97069K, committed 97792K, reserved 339968K
  class space    used 11678K, capacity 13028K, committed 13312K, reserved 253952K
}
Event: 1494.499 GC heap before
{Heap before GC invocations=25 (full 0):
 garbage-first heap   total 262144K, used 137166K [0x00000000e0000000, 0x0000000100000000)
  region size 1024K, 12 young (12288K), 2 survivors (2048K)
 Metaspace       used 93459K, capacity 97072K, committed 97792K, reserved 339968K
  class space    used 11678K, capacity 13029K, committed 13312K, reserved 253952K
}
Event: 1494.579 GC heap after
{Heap after GC invocations=26 (full 0):
 garbage-first heap   total 262144K, used 112083K [0x00000000e0000000, 0x0000000100000000)
  region size 1024K, 1 young (1024K), 1 survivors (1024K)
 Metaspace       used 93459K, capacity 97072K, committed 97792K, reserved 339968K
  class space    used 11678K, capacity 13029K, committed 13312K, reserved 253952K
}

